<?xml version="1.0" encoding="UTF-8"?>
<!-- Generated by org.testng.reporters.JUnitXMLReporter -->
<testsuite hostname="ubitica-12" name="Test2" tests="1" failures="0" timestamp="1 Sep 2015 20:26:31 GMT" time="50.641" errors="0">
  <testcase name="@BeforeMethod initWebDriver" time="0.0" classname="com.mycompany.pruebaselenium.SampleTestNgTest">
    <failure type="org.openqa.selenium.WebDriverException" message="Failed to connect to binary FirefoxBinary(/usr/bin/firefox) on port 7055; process output follows: 
led&amp;quot;:false,&amp;quot;appDisabled&amp;quot;:false,&amp;quot;descriptor&amp;quot;:&amp;quot;/usr/lib/firefox/browser/extensions/{972ce4c6-7e08-4474-a285-3208198ce6fd}&amp;quot;,&amp;quot;installDate&amp;quot;:1438349719000,&amp;quot;updateDate&amp;quot;:1438349719000,&amp;quot;applyBackgroundUpdates&amp;quot;:1,&amp;quot;skinnable&amp;quot;:true,&amp;quot;size&amp;quot;:3169,&amp;quot;sourceURI&amp;quot;:null,&amp;quot;releaseNotesURI&amp;quot;:null,&amp;quot;softDisabled&amp;quot;:false,&amp;quot;foreignInstall&amp;quot;:false,&amp;quot;hasBinaryComponents&amp;quot;:false,&amp;quot;strictCompatibility&amp;quot;:true,&amp;quot;locales&amp;quot;:[],&amp;quot;targetApplications&amp;quot;:[{&amp;quot;id&amp;quot;:&amp;quot;{ec8030f7-c20a-464f-9b0e-13a3a9e97384}&amp;quot;,&amp;quot;minVersion&amp;quot;:&amp;quot;39.0&amp;quot;,&amp;quot;maxVersion&amp;quot;:&amp;quot;39.0&amp;quot;}],&amp;quot;targetPlatforms&amp;quot;:[]}
1441139173720	addons.xpi	DEBUG	getModTime: Recursive scan of {972ce4c6-7e08-4474-a285-3208198ce6fd}
1441139173721	addons.xpi	DEBUG	New add-on ubufox@ubuntu.com installed in app-system-share
1441139173825	addons.xpi	WARN	Disabling foreign installed add-on ubufox@ubuntu.com in app-system-share
1441139173825	addons.xpi-utils	DEBUG	Make addon app-system-share:ubufox@ubuntu.com visible
1441139173826	DeferredSave.extensions.json	DEBUG	Save changes
1441139173826	DeferredSave.extensions.json	DEBUG	Save changes
1441139173827	addons.xpi	DEBUG	Updating XPIState for {&amp;quot;id&amp;quot;:&amp;quot;ubufox@ubuntu.com&amp;quot;,&amp;quot;syncGUID&amp;quot;:&amp;quot;RrLA0L6m9HWY&amp;quot;,&amp;quot;location&amp;quot;:&amp;quot;app-system-share&amp;quot;,&amp;quot;version&amp;quot;:&amp;quot;3.0&amp;quot;,&amp;quot;type&amp;quot;:&amp;quot;extension&amp;quot;,&amp;quot;internalName&amp;quot;:null,&amp;quot;updateURL&amp;quot;:null,&amp;quot;updateKey&amp;quot;:null,&amp;quot;optionsURL&amp;quot;:null,&amp;quot;optionsType&amp;quot;:null,&amp;quot;aboutURL&amp;quot;:null,&amp;quot;iconURL&amp;quot;:&amp;quot;chrome://ubufox/content/ubuntulogo32.png&amp;quot;,&amp;quot;icon64URL&amp;quot;:null,&amp;quot;defaultLocale&amp;quot;:{&amp;quot;name&amp;quot;:&amp;quot;Ubuntu Firefox Modifications&amp;quot;,&amp;quot;description&amp;quot;:&amp;quot;Ubuntu configuration defaults and apt support for firefox extensions/plugins.&amp;quot;,&amp;quot;creator&amp;quot;:&amp;quot;Canonical Ltd.&amp;quot;,&amp;quot;homepageURL&amp;quot;:null,&amp;quot;contributors&amp;quot;:[&amp;quot;Alexander Sack &amp;lt;asac@ubuntu.com&amp;gt;&amp;quot;,&amp;quot;Sasa Bodiroza &amp;lt;jazzva@gmail.com&amp;gt;&amp;quot;,&amp;quot;Daniel Abramov &amp;lt;ex@vingrad.ru&amp;gt;&amp;quot;,&amp;quot;Arzhel Younsi &amp;lt;xionox@gmail.com&amp;gt;&amp;quot;,&amp;quot;Saïvann Carignan &amp;lt;oxmosys@gmail.com&amp;gt;&amp;quot;,&amp;quot;Chris Coulson &amp;lt;chris.coulson@canonical.com&amp;gt;&amp;quot;]},&amp;quot;visible&amp;quot;:true,&amp;quot;active&amp;quot;:false,&amp;quot;userDisabled&amp;quot;:true,&amp;quot;appDisabled&amp;quot;:false,&amp;quot;descriptor&amp;quot;:&amp;quot;/usr/share/mozilla/extensions/{ec8030f7-c20a-464f-9b0e-13a3a9e97384}/ubufox@ubuntu.com&amp;quot;,&amp;quot;installDate&amp;quot;:1438349776000,&amp;quot;updateDate&amp;quot;:1438349776000,&amp;quot;applyBackgroundUpdates&amp;quot;:1,&amp;quot;bootstrap&amp;quot;:false,&amp;quot;size&amp;quot;:0,&amp;quot;sourceURI&amp;quot;:null,&amp;quot;releaseNotesURI&amp;quot;:null,&amp;quot;softDisabled&amp;quot;:false,&amp;quot;foreignInstall&amp;quot;:true,&amp;quot;hasBinaryComponents&amp;quot;:false,&amp;quot;strictCompatibility&amp;quot;:false,&amp;quot;locales&amp;quot;:[],&amp;quot;targetApplications&amp;quot;:[{&amp;quot;id&amp;quot;:&amp;quot;{ec8030f7-c20a-464f-9b0e-13a3a9e97384}&amp;quot;,&amp;quot;minVersion&amp;quot;:&amp;quot;9.0&amp;quot;,&amp;quot;maxVersion&amp;quot;:&amp;quot;37.0a1&amp;quot;}],&amp;quot;targetPlatforms&amp;quot;:[],&amp;quot;multiprocessCompatible&amp;quot;:false}
1441139173828	addons.xpi	DEBUG	Updating database with changes to installed add-ons
1441139173828	addons.xpi-utils	DEBUG	Updating add-on states
1441139173906	addons.xpi-utils	DEBUG	Writing add-ons list
1441139173908	addons.xpi	DEBUG	Registering manifest for /usr/lib/firefox/browser/extensions/langpack-en-GB@firefox.mozilla.org.xpi
1441139173913	addons.xpi	DEBUG	Registering manifest for /usr/lib/firefox/browser/extensions/langpack-en-ZA@firefox.mozilla.org.xpi
1441139173916	addons.manager	DEBUG	Registering shutdown blocker for XPIProvider
1441139173918	addons.manager	DEBUG	Provider finished startup: XPIProvider
1441139173918	addons.manager	DEBUG	Starting provider: LightweightThemeManager
1441139173919	addons.manager	DEBUG	Registering shutdown blocker for LightweightThemeManager
1441139173920	addons.manager	DEBUG	Provider finished startup: LightweightThemeManager
1441139173921	addons.manager	DEBUG	Starting provider: GMPProvider
1441139174025	addons.manager	DEBUG	Registering shutdown blocker for GMPProvider
1441139174026	addons.manager	DEBUG	Provider finished startup: GMPProvider
1441139174027	addons.manager	DEBUG	Starting provider: PluginProvider
1441139174027	addons.manager	DEBUG	Registering shutdown blocker for PluginProvider
1441139174028	addons.manager	DEBUG	Provider finished startup: PluginProvider
1441139174128	addons.manager	DEBUG	Completed startup sequence
1441139185050	addons.manager	DEBUG	Starting provider: &amp;lt;unnamed-provider&amp;gt;
1441139185050	addons.manager	DEBUG	Registering shutdown blocker for &amp;lt;unnamed-provider&amp;gt;
1441139185051	addons.manager	DEBUG	Provider finished startup: &amp;lt;unnamed-provider&amp;gt;
1441139186462	DeferredSave.extensions.json	DEBUG	Starting timer

Build info: version: &amp;apos;2.45.0&amp;apos;, revision: &amp;apos;5017cb8e7ca8e37638dc3091b2440b90a1d8686f&amp;apos;, time: &amp;apos;2015-02-27 09:10:26&amp;apos;
System info: host: &amp;apos;ubitica-12&amp;apos;, ip: &amp;apos;127.0.1.1&amp;apos;, os.name: &amp;apos;Linux&amp;apos;, os.arch: &amp;apos;amd64&amp;apos;, os.version: &amp;apos;3.13.0-57-generic&amp;apos;, java.version: &amp;apos;1.7.0_79&amp;apos;
Driver info: driver.version: FirefoxDriver">
      <![CDATA[org.openqa.selenium.WebDriverException: Failed to connect to binary FirefoxBinary(/usr/bin/firefox) on port 7055; process output follows: 
led":false,"appDisabled":false,"descriptor":"/usr/lib/firefox/browser/extensions/{972ce4c6-7e08-4474-a285-3208198ce6fd}","installDate":1438349719000,"updateDate":1438349719000,"applyBackgroundUpdates":1,"skinnable":true,"size":3169,"sourceURI":null,"releaseNotesURI":null,"softDisabled":false,"foreignInstall":false,"hasBinaryComponents":false,"strictCompatibility":true,"locales":[],"targetApplications":[{"id":"{ec8030f7-c20a-464f-9b0e-13a3a9e97384}","minVersion":"39.0","maxVersion":"39.0"}],"targetPlatforms":[]}
1441139173720	addons.xpi	DEBUG	getModTime: Recursive scan of {972ce4c6-7e08-4474-a285-3208198ce6fd}
1441139173721	addons.xpi	DEBUG	New add-on ubufox@ubuntu.com installed in app-system-share
1441139173825	addons.xpi	WARN	Disabling foreign installed add-on ubufox@ubuntu.com in app-system-share
1441139173825	addons.xpi-utils	DEBUG	Make addon app-system-share:ubufox@ubuntu.com visible
1441139173826	DeferredSave.extensions.json	DEBUG	Save changes
1441139173826	DeferredSave.extensions.json	DEBUG	Save changes
1441139173827	addons.xpi	DEBUG	Updating XPIState for {"id":"ubufox@ubuntu.com","syncGUID":"RrLA0L6m9HWY","location":"app-system-share","version":"3.0","type":"extension","internalName":null,"updateURL":null,"updateKey":null,"optionsURL":null,"optionsType":null,"aboutURL":null,"iconURL":"chrome://ubufox/content/ubuntulogo32.png","icon64URL":null,"defaultLocale":{"name":"Ubuntu Firefox Modifications","description":"Ubuntu configuration defaults and apt support for firefox extensions/plugins.","creator":"Canonical Ltd.","homepageURL":null,"contributors":["Alexander Sack <asac@ubuntu.com>","Sasa Bodiroza <jazzva@gmail.com>","Daniel Abramov <ex@vingrad.ru>","Arzhel Younsi <xionox@gmail.com>","Saïvann Carignan <oxmosys@gmail.com>","Chris Coulson <chris.coulson@canonical.com>"]},"visible":true,"active":false,"userDisabled":true,"appDisabled":false,"descriptor":"/usr/share/mozilla/extensions/{ec8030f7-c20a-464f-9b0e-13a3a9e97384}/ubufox@ubuntu.com","installDate":1438349776000,"updateDate":1438349776000,"applyBackgroundUpdates":1,"bootstrap":false,"size":0,"sourceURI":null,"releaseNotesURI":null,"softDisabled":false,"foreignInstall":true,"hasBinaryComponents":false,"strictCompatibility":false,"locales":[],"targetApplications":[{"id":"{ec8030f7-c20a-464f-9b0e-13a3a9e97384}","minVersion":"9.0","maxVersion":"37.0a1"}],"targetPlatforms":[],"multiprocessCompatible":false}
1441139173828	addons.xpi	DEBUG	Updating database with changes to installed add-ons
1441139173828	addons.xpi-utils	DEBUG	Updating add-on states
1441139173906	addons.xpi-utils	DEBUG	Writing add-ons list
1441139173908	addons.xpi	DEBUG	Registering manifest for /usr/lib/firefox/browser/extensions/langpack-en-GB@firefox.mozilla.org.xpi
1441139173913	addons.xpi	DEBUG	Registering manifest for /usr/lib/firefox/browser/extensions/langpack-en-ZA@firefox.mozilla.org.xpi
1441139173916	addons.manager	DEBUG	Registering shutdown blocker for XPIProvider
1441139173918	addons.manager	DEBUG	Provider finished startup: XPIProvider
1441139173918	addons.manager	DEBUG	Starting provider: LightweightThemeManager
1441139173919	addons.manager	DEBUG	Registering shutdown blocker for LightweightThemeManager
1441139173920	addons.manager	DEBUG	Provider finished startup: LightweightThemeManager
1441139173921	addons.manager	DEBUG	Starting provider: GMPProvider
1441139174025	addons.manager	DEBUG	Registering shutdown blocker for GMPProvider
1441139174026	addons.manager	DEBUG	Provider finished startup: GMPProvider
1441139174027	addons.manager	DEBUG	Starting provider: PluginProvider
1441139174027	addons.manager	DEBUG	Registering shutdown blocker for PluginProvider
1441139174028	addons.manager	DEBUG	Provider finished startup: PluginProvider
1441139174128	addons.manager	DEBUG	Completed startup sequence
1441139185050	addons.manager	DEBUG	Starting provider: <unnamed-provider>
1441139185050	addons.manager	DEBUG	Registering shutdown blocker for <unnamed-provider>
1441139185051	addons.manager	DEBUG	Provider finished startup: <unnamed-provider>
1441139186462	DeferredSave.extensions.json	DEBUG	Starting timer

Build info: version: '2.45.0', revision: '5017cb8e7ca8e37638dc3091b2440b90a1d8686f', time: '2015-02-27 09:10:26'
System info: host: 'ubitica-12', ip: '127.0.1.1', os.name: 'Linux', os.arch: 'amd64', os.version: '3.13.0-57-generic', java.version: '1.7.0_79'
Driver info: driver.version: FirefoxDriver
	at org.openqa.selenium.firefox.internal.NewProfileExtensionConnection.start(NewProfileExtensionConnection.java:134)
	at org.openqa.selenium.firefox.FirefoxDriver.startClient(FirefoxDriver.java:246)
	at org.openqa.selenium.remote.RemoteWebDriver.<init>(RemoteWebDriver.java:114)
	at org.openqa.selenium.firefox.FirefoxDriver.<init>(FirefoxDriver.java:191)
	at org.openqa.selenium.firefox.FirefoxDriver.<init>(FirefoxDriver.java:186)
	at org.openqa.selenium.firefox.FirefoxDriver.<init>(FirefoxDriver.java:103)
	at ru.stqa.selenium.factory.WebDriverFactoryInternal.createLocalDriver(WebDriverFactoryInternal.java:74)
	at ru.stqa.selenium.factory.WebDriverFactoryInternal.newDriver(WebDriverFactoryInternal.java:58)
	at ru.stqa.selenium.factory.ThreadLocalSingletonStorage.createNewDriver(ThreadLocalSingletonStorage.java:91)
	at ru.stqa.selenium.factory.ThreadLocalSingletonStorage.getDriver(ThreadLocalSingletonStorage.java:36)
	at ru.stqa.selenium.factory.WebDriverFactory.getDriver(WebDriverFactory.java:35)
	at com.mycompany.pruebaselenium.TestNgTestBase.initWebDriver(TestNgTestBase.java:44)
Caused by: org.openqa.selenium.WebDriverException: java.lang.InterruptedException: Process timed out after waiting for 45000 ms.
Build info: version: '2.45.0', revision: '5017cb8e7ca8e37638dc3091b2440b90a1d8686f', time: '2015-02-27 09:10:26'
System info: host: 'ubitica-12', ip: '127.0.1.1', os.name: 'Linux', os.arch: 'amd64', os.version: '3.13.0-57-generic', java.version: '1.7.0_79'
Driver info: driver.version: FirefoxDriver
	at org.openqa.selenium.os.CommandLine.waitFor(CommandLine.java:131)
	at org.openqa.selenium.firefox.FirefoxBinary.waitFor(FirefoxBinary.java:222)
	at org.openqa.selenium.firefox.FirefoxBinary.clean(FirefoxBinary.java:242)
	at org.openqa.selenium.firefox.internal.NewProfileExtensionConnection.start(NewProfileExtensionConnection.java:91)
	... 40 more
Caused by: java.lang.InterruptedException: Process timed out after waiting for 45000 ms.
	at org.openqa.selenium.os.UnixProcess.waitFor(UnixProcess.java:148)
	at org.openqa.selenium.os.CommandLine.waitFor(CommandLine.java:129)
	... 43 more
... Removed 29 stack frames]]>
    </failure>
  </testcase> <!-- @BeforeMethod initWebDriver -->
  <testcase name="@BeforeMethod initPageObjects" time="0.0" classname="com.mycompany.pruebaselenium.SampleTestNgTest">
    <skipped/>
  </testcase> <!-- @BeforeMethod initPageObjects -->
  <testcase name="testHomePageHasAHeader" time="0.05" classname="com.mycompany.pruebaselenium.SampleTestNgTest">
    <skipped/>
  </testcase> <!-- testHomePageHasAHeader -->
</testsuite> <!-- Test2 -->
