<html>
<head>
<title>TestNG:  Test2</title>
<link href="../testng.css" rel="stylesheet" type="text/css" />
<link href="../my-testng.css" rel="stylesheet" type="text/css" />

<style type="text/css">
.log { display: none;} 
.stack-trace { display: none;} 
</style>
<script type="text/javascript">
<!--
function flip(e) {
  current = e.style.display;
  if (current == 'block') {
    e.style.display = 'none';
    return 0;
  }
  else {
    e.style.display = 'block';
    return 1;
  }
}

function toggleBox(szDivId, elem, msg1, msg2)
{
  var res = -1;  if (document.getElementById) {
    res = flip(document.getElementById(szDivId));
  }
  else if (document.all) {
    // this is the way old msie versions work
    res = flip(document.all[szDivId]);
  }
  if(elem) {
    if(res == 0) elem.innerHTML = msg1; else elem.innerHTML = msg2;
  }

}

function toggleAllBoxes() {
  if (document.getElementsByTagName) {
    d = document.getElementsByTagName('div');
    for (i = 0; i < d.length; i++) {
      if (d[i].className == 'log') {
        flip(d[i]);
      }
    }
  }
}

// -->
</script>

</head>
<body>
<h2 align='center'>Test2</h2><table border='1' align="center">
<tr>
<td>Tests passed/Failed/Skipped:</td><td>0/0/1</td>
</tr><tr>
<td>Started on:</td><td>Tue Sep 01 15:55:40 VET 2015</td>
</tr>
<tr><td>Total time:</td><td>50 seconds (50641 ms)</td>
</tr><tr>
<td>Included groups:</td><td></td>
</tr><tr>
<td>Excluded groups:</td><td></td>
</tr>
</table><p/>
<small><i>(Hover the method name to see the test class name)</i></small><p/>
<table width='100%' border='1' class='invocation-failed'>
<tr><td colspan='4' align='center'><b>FAILED CONFIGURATIONS</b></td></tr>
<tr><td><b>Test method</b></td>
<td width="30%"><b>Exception</b></td>
<td width="10%"><b>Time (seconds)</b></td>
<td><b>Instance</b></td>
</tr>
<tr>
<td title='com.mycompany.pruebaselenium.SampleTestNgTest.initWebDriver()'><b>initWebDriver</b><br>Test class: com.mycompany.pruebaselenium.SampleTestNgTest</td>
<td><div><pre>org.openqa.selenium.WebDriverException: Failed to connect to binary FirefoxBinary(/usr/bin/firefox) on port 7055; process output follows: 
led&quot;:false,&quot;appDisabled&quot;:false,&quot;descriptor&quot;:&quot;/usr/lib/firefox/browser/extensions/{972ce4c6-7e08-4474-a285-3208198ce6fd}&quot;,&quot;installDate&quot;:1438349719000,&quot;updateDate&quot;:1438349719000,&quot;applyBackgroundUpdates&quot;:1,&quot;skinnable&quot;:true,&quot;size&quot;:3169,&quot;sourceURI&quot;:null,&quot;releaseNotesURI&quot;:null,&quot;softDisabled&quot;:false,&quot;foreignInstall&quot;:false,&quot;hasBinaryComponents&quot;:false,&quot;strictCompatibility&quot;:true,&quot;locales&quot;:[],&quot;targetApplications&quot;:[{&quot;id&quot;:&quot;{ec8030f7-c20a-464f-9b0e-13a3a9e97384}&quot;,&quot;minVersion&quot;:&quot;39.0&quot;,&quot;maxVersion&quot;:&quot;39.0&quot;}],&quot;targetPlatforms&quot;:[]}
1441139173720	addons.xpi	DEBUG	getModTime: Recursive scan of {972ce4c6-7e08-4474-a285-3208198ce6fd}
1441139173721	addons.xpi	DEBUG	New add-on ubufox@ubuntu.com installed in app-system-share
1441139173825	addons.xpi	WARN	Disabling foreign installed add-on ubufox@ubuntu.com in app-system-share
1441139173825	addons.xpi-utils	DEBUG	Make addon app-system-share:ubufox@ubuntu.com visible
1441139173826	DeferredSave.extensions.json	DEBUG	Save changes
1441139173826	DeferredSave.extensions.json	DEBUG	Save changes
1441139173827	addons.xpi	DEBUG	Updating XPIState for {&quot;id&quot;:&quot;ubufox@ubuntu.com&quot;,&quot;syncGUID&quot;:&quot;RrLA0L6m9HWY&quot;,&quot;location&quot;:&quot;app-system-share&quot;,&quot;version&quot;:&quot;3.0&quot;,&quot;type&quot;:&quot;extension&quot;,&quot;internalName&quot;:null,&quot;updateURL&quot;:null,&quot;updateKey&quot;:null,&quot;optionsURL&quot;:null,&quot;optionsType&quot;:null,&quot;aboutURL&quot;:null,&quot;iconURL&quot;:&quot;chrome://ubufox/content/ubuntulogo32.png&quot;,&quot;icon64URL&quot;:null,&quot;defaultLocale&quot;:{&quot;name&quot;:&quot;Ubuntu Firefox Modifications&quot;,&quot;description&quot;:&quot;Ubuntu configuration defaults and apt support for firefox extensions/plugins.&quot;,&quot;creator&quot;:&quot;Canonical Ltd.&quot;,&quot;homepageURL&quot;:null,&quot;contributors&quot;:[&quot;Alexander Sack &lt;asac@ubuntu.com&gt;&quot;,&quot;Sasa Bodiroza &lt;jazzva@gmail.com&gt;&quot;,&quot;Daniel Abramov &lt;ex@vingrad.ru&gt;&quot;,&quot;Arzhel Younsi &lt;xionox@gmail.com&gt;&quot;,&quot;Saïvann Carignan &lt;oxmosys@gmail.com&gt;&quot;,&quot;Chris Coulson &lt;chris.coulson@canonical.com&gt;&quot;]},&quot;visible&quot;:true,&quot;active&quot;:false,&quot;userDisabled&quot;:true,&quot;appDisabled&quot;:false,&quot;descriptor&quot;:&quot;/usr/share/mozilla/extensions/{ec8030f7-c20a-464f-9b0e-13a3a9e97384}/ubufox@ubuntu.com&quot;,&quot;installDate&quot;:1438349776000,&quot;updateDate&quot;:1438349776000,&quot;applyBackgroundUpdates&quot;:1,&quot;bootstrap&quot;:false,&quot;size&quot;:0,&quot;sourceURI&quot;:null,&quot;releaseNotesURI&quot;:null,&quot;softDisabled&quot;:false,&quot;foreignInstall&quot;:true,&quot;hasBinaryComponents&quot;:false,&quot;strictCompatibility&quot;:false,&quot;locales&quot;:[],&quot;targetApplications&quot;:[{&quot;id&quot;:&quot;{ec8030f7-c20a-464f-9b0e-13a3a9e97384}&quot;,&quot;minVersion&quot;:&quot;9.0&quot;,&quot;maxVersion&quot;:&quot;37.0a1&quot;}],&quot;targetPlatforms&quot;:[],&quot;multiprocessCompatible&quot;:false}
1441139173828	addons.xpi	DEBUG	Updating database with changes to installed add-ons
1441139173828	addons.xpi-utils	DEBUG	Updating add-on states
1441139173906	addons.xpi-utils	DEBUG	Writing add-ons list
1441139173908	addons.xpi	DEBUG	Registering manifest for /usr/lib/firefox/browser/extensions/langpack-en-GB@firefox.mozilla.org.xpi
1441139173913	addons.xpi	DEBUG	Registering manifest for /usr/lib/firefox/browser/extensions/langpack-en-ZA@firefox.mozilla.org.xpi
1441139173916	addons.manager	DEBUG	Registering shutdown blocker for XPIProvider
1441139173918	addons.manager	DEBUG	Provider finished startup: XPIProvider
1441139173918	addons.manager	DEBUG	Starting provider: LightweightThemeManager
1441139173919	addons.manager	DEBUG	Registering shutdown blocker for LightweightThemeManager
1441139173920	addons.manager	DEBUG	Provider finished startup: LightweightThemeManager
1441139173921	addons.manager	DEBUG	Starting provider: GMPProvider
1441139174025	addons.manager	DEBUG	Registering shutdown blocker for GMPProvider
1441139174026	addons.manager	DEBUG	Provider finished startup: GMPProvider
1441139174027	addons.manager	DEBUG	Starting provider: PluginProvider
1441139174027	addons.manager	DEBUG	Registering shutdown blocker for PluginProvider
1441139174028	addons.manager	DEBUG	Provider finished startup: PluginProvider
1441139174128	addons.manager	DEBUG	Completed startup sequence
1441139185050	addons.manager	DEBUG	Starting provider: &lt;unnamed-provider&gt;
1441139185050	addons.manager	DEBUG	Registering shutdown blocker for &lt;unnamed-provider&gt;
1441139185051	addons.manager	DEBUG	Provider finished startup: &lt;unnamed-provider&gt;
1441139186462	DeferredSave.extensions.json	DEBUG	Starting timer

Build info: version: &apos;2.45.0&apos;, revision: &apos;5017cb8e7ca8e37638dc3091b2440b90a1d8686f&apos;, time: &apos;2015-02-27 09:10:26&apos;
System info: host: &apos;ubitica-12&apos;, ip: &apos;127.0.1.1&apos;, os.name: &apos;Linux&apos;, os.arch: &apos;amd64&apos;, os.version: &apos;3.13.0-57-generic&apos;, java.version: &apos;1.7.0_79&apos;
Driver info: driver.version: FirefoxDriver
	at org.openqa.selenium.firefox.internal.NewProfileExtensionConnection.start(NewProfileExtensionConnection.java:134)
	at org.openqa.selenium.firefox.FirefoxDriver.startClient(FirefoxDriver.java:246)
	at org.openqa.selenium.remote.RemoteWebDriver.&lt;init&gt;(RemoteWebDriver.java:114)
	at org.openqa.selenium.firefox.FirefoxDriver.&lt;init&gt;(FirefoxDriver.java:191)
	at org.openqa.selenium.firefox.FirefoxDriver.&lt;init&gt;(FirefoxDriver.java:186)
	at org.openqa.selenium.firefox.FirefoxDriver.&lt;init&gt;(FirefoxDriver.java:103)
	at ru.stqa.selenium.factory.WebDriverFactoryInternal.createLocalDriver(WebDriverFactoryInternal.java:74)
	at ru.stqa.selenium.factory.WebDriverFactoryInternal.newDriver(WebDriverFactoryInternal.java:58)
	at ru.stqa.selenium.factory.ThreadLocalSingletonStorage.createNewDriver(ThreadLocalSingletonStorage.java:91)
	at ru.stqa.selenium.factory.ThreadLocalSingletonStorage.getDriver(ThreadLocalSingletonStorage.java:36)
	at ru.stqa.selenium.factory.WebDriverFactory.getDriver(WebDriverFactory.java:35)
	at com.mycompany.pruebaselenium.TestNgTestBase.initWebDriver(TestNgTestBase.java:44)
Caused by: org.openqa.selenium.WebDriverException: java.lang.InterruptedException: Process timed out after waiting for 45000 ms.
Build info: version: &apos;2.45.0&apos;, revision: &apos;5017cb8e7ca8e37638dc3091b2440b90a1d8686f&apos;, time: &apos;2015-02-27 09:10:26&apos;
System info: host: &apos;ubitica-12&apos;, ip: &apos;127.0.1.1&apos;, os.name: &apos;Linux&apos;, os.arch: &apos;amd64&apos;, os.version: &apos;3.13.0-57-generic&apos;, java.version: &apos;1.7.0_79&apos;
Driver info: driver.version: FirefoxDriver
	at org.openqa.selenium.os.CommandLine.waitFor(CommandLine.java:131)
	at org.openqa.selenium.firefox.FirefoxBinary.waitFor(FirefoxBinary.java:222)
	at org.openqa.selenium.firefox.FirefoxBinary.clean(FirefoxBinary.java:242)
	at org.openqa.selenium.firefox.internal.NewProfileExtensionConnection.start(NewProfileExtensionConnection.java:91)
	... 40 more
Caused by: java.lang.InterruptedException: Process timed out after waiting for 45000 ms.
	at org.openqa.selenium.os.UnixProcess.waitFor(UnixProcess.java:148)
	at org.openqa.selenium.os.CommandLine.waitFor(CommandLine.java:129)
	... 43 more
... Removed 29 stack frames</pre></div><a href='#' onClick='toggleBox("stack-trace822940029", this, "Click to show all stack frames", "Click to hide stack frames")'>Click to show all stack frames</a>
<div class='stack-trace' id='stack-trace822940029'><pre>org.openqa.selenium.WebDriverException: Failed to connect to binary FirefoxBinary(/usr/bin/firefox) on port 7055; process output follows: 
led&quot;:false,&quot;appDisabled&quot;:false,&quot;descriptor&quot;:&quot;/usr/lib/firefox/browser/extensions/{972ce4c6-7e08-4474-a285-3208198ce6fd}&quot;,&quot;installDate&quot;:1438349719000,&quot;updateDate&quot;:1438349719000,&quot;applyBackgroundUpdates&quot;:1,&quot;skinnable&quot;:true,&quot;size&quot;:3169,&quot;sourceURI&quot;:null,&quot;releaseNotesURI&quot;:null,&quot;softDisabled&quot;:false,&quot;foreignInstall&quot;:false,&quot;hasBinaryComponents&quot;:false,&quot;strictCompatibility&quot;:true,&quot;locales&quot;:[],&quot;targetApplications&quot;:[{&quot;id&quot;:&quot;{ec8030f7-c20a-464f-9b0e-13a3a9e97384}&quot;,&quot;minVersion&quot;:&quot;39.0&quot;,&quot;maxVersion&quot;:&quot;39.0&quot;}],&quot;targetPlatforms&quot;:[]}
1441139173720	addons.xpi	DEBUG	getModTime: Recursive scan of {972ce4c6-7e08-4474-a285-3208198ce6fd}
1441139173721	addons.xpi	DEBUG	New add-on ubufox@ubuntu.com installed in app-system-share
1441139173825	addons.xpi	WARN	Disabling foreign installed add-on ubufox@ubuntu.com in app-system-share
1441139173825	addons.xpi-utils	DEBUG	Make addon app-system-share:ubufox@ubuntu.com visible
1441139173826	DeferredSave.extensions.json	DEBUG	Save changes
1441139173826	DeferredSave.extensions.json	DEBUG	Save changes
1441139173827	addons.xpi	DEBUG	Updating XPIState for {&quot;id&quot;:&quot;ubufox@ubuntu.com&quot;,&quot;syncGUID&quot;:&quot;RrLA0L6m9HWY&quot;,&quot;location&quot;:&quot;app-system-share&quot;,&quot;version&quot;:&quot;3.0&quot;,&quot;type&quot;:&quot;extension&quot;,&quot;internalName&quot;:null,&quot;updateURL&quot;:null,&quot;updateKey&quot;:null,&quot;optionsURL&quot;:null,&quot;optionsType&quot;:null,&quot;aboutURL&quot;:null,&quot;iconURL&quot;:&quot;chrome://ubufox/content/ubuntulogo32.png&quot;,&quot;icon64URL&quot;:null,&quot;defaultLocale&quot;:{&quot;name&quot;:&quot;Ubuntu Firefox Modifications&quot;,&quot;description&quot;:&quot;Ubuntu configuration defaults and apt support for firefox extensions/plugins.&quot;,&quot;creator&quot;:&quot;Canonical Ltd.&quot;,&quot;homepageURL&quot;:null,&quot;contributors&quot;:[&quot;Alexander Sack &lt;asac@ubuntu.com&gt;&quot;,&quot;Sasa Bodiroza &lt;jazzva@gmail.com&gt;&quot;,&quot;Daniel Abramov &lt;ex@vingrad.ru&gt;&quot;,&quot;Arzhel Younsi &lt;xionox@gmail.com&gt;&quot;,&quot;Saïvann Carignan &lt;oxmosys@gmail.com&gt;&quot;,&quot;Chris Coulson &lt;chris.coulson@canonical.com&gt;&quot;]},&quot;visible&quot;:true,&quot;active&quot;:false,&quot;userDisabled&quot;:true,&quot;appDisabled&quot;:false,&quot;descriptor&quot;:&quot;/usr/share/mozilla/extensions/{ec8030f7-c20a-464f-9b0e-13a3a9e97384}/ubufox@ubuntu.com&quot;,&quot;installDate&quot;:1438349776000,&quot;updateDate&quot;:1438349776000,&quot;applyBackgroundUpdates&quot;:1,&quot;bootstrap&quot;:false,&quot;size&quot;:0,&quot;sourceURI&quot;:null,&quot;releaseNotesURI&quot;:null,&quot;softDisabled&quot;:false,&quot;foreignInstall&quot;:true,&quot;hasBinaryComponents&quot;:false,&quot;strictCompatibility&quot;:false,&quot;locales&quot;:[],&quot;targetApplications&quot;:[{&quot;id&quot;:&quot;{ec8030f7-c20a-464f-9b0e-13a3a9e97384}&quot;,&quot;minVersion&quot;:&quot;9.0&quot;,&quot;maxVersion&quot;:&quot;37.0a1&quot;}],&quot;targetPlatforms&quot;:[],&quot;multiprocessCompatible&quot;:false}
1441139173828	addons.xpi	DEBUG	Updating database with changes to installed add-ons
1441139173828	addons.xpi-utils	DEBUG	Updating add-on states
1441139173906	addons.xpi-utils	DEBUG	Writing add-ons list
1441139173908	addons.xpi	DEBUG	Registering manifest for /usr/lib/firefox/browser/extensions/langpack-en-GB@firefox.mozilla.org.xpi
1441139173913	addons.xpi	DEBUG	Registering manifest for /usr/lib/firefox/browser/extensions/langpack-en-ZA@firefox.mozilla.org.xpi
1441139173916	addons.manager	DEBUG	Registering shutdown blocker for XPIProvider
1441139173918	addons.manager	DEBUG	Provider finished startup: XPIProvider
1441139173918	addons.manager	DEBUG	Starting provider: LightweightThemeManager
1441139173919	addons.manager	DEBUG	Registering shutdown blocker for LightweightThemeManager
1441139173920	addons.manager	DEBUG	Provider finished startup: LightweightThemeManager
1441139173921	addons.manager	DEBUG	Starting provider: GMPProvider
1441139174025	addons.manager	DEBUG	Registering shutdown blocker for GMPProvider
1441139174026	addons.manager	DEBUG	Provider finished startup: GMPProvider
1441139174027	addons.manager	DEBUG	Starting provider: PluginProvider
1441139174027	addons.manager	DEBUG	Registering shutdown blocker for PluginProvider
1441139174028	addons.manager	DEBUG	Provider finished startup: PluginProvider
1441139174128	addons.manager	DEBUG	Completed startup sequence
1441139185050	addons.manager	DEBUG	Starting provider: &lt;unnamed-provider&gt;
1441139185050	addons.manager	DEBUG	Registering shutdown blocker for &lt;unnamed-provider&gt;
1441139185051	addons.manager	DEBUG	Provider finished startup: &lt;unnamed-provider&gt;
1441139186462	DeferredSave.extensions.json	DEBUG	Starting timer

Build info: version: &apos;2.45.0&apos;, revision: &apos;5017cb8e7ca8e37638dc3091b2440b90a1d8686f&apos;, time: &apos;2015-02-27 09:10:26&apos;
System info: host: &apos;ubitica-12&apos;, ip: &apos;127.0.1.1&apos;, os.name: &apos;Linux&apos;, os.arch: &apos;amd64&apos;, os.version: &apos;3.13.0-57-generic&apos;, java.version: &apos;1.7.0_79&apos;
Driver info: driver.version: FirefoxDriver
	at org.openqa.selenium.firefox.internal.NewProfileExtensionConnection.start(NewProfileExtensionConnection.java:134)
	at org.openqa.selenium.firefox.FirefoxDriver.startClient(FirefoxDriver.java:246)
	at org.openqa.selenium.remote.RemoteWebDriver.&lt;init&gt;(RemoteWebDriver.java:114)
	at org.openqa.selenium.firefox.FirefoxDriver.&lt;init&gt;(FirefoxDriver.java:191)
	at org.openqa.selenium.firefox.FirefoxDriver.&lt;init&gt;(FirefoxDriver.java:186)
	at org.openqa.selenium.firefox.FirefoxDriver.&lt;init&gt;(FirefoxDriver.java:103)
	at ru.stqa.selenium.factory.WebDriverFactoryInternal.createLocalDriver(WebDriverFactoryInternal.java:74)
	at ru.stqa.selenium.factory.WebDriverFactoryInternal.newDriver(WebDriverFactoryInternal.java:58)
	at ru.stqa.selenium.factory.ThreadLocalSingletonStorage.createNewDriver(ThreadLocalSingletonStorage.java:91)
	at ru.stqa.selenium.factory.ThreadLocalSingletonStorage.getDriver(ThreadLocalSingletonStorage.java:36)
	at ru.stqa.selenium.factory.WebDriverFactory.getDriver(WebDriverFactory.java:35)
	at com.mycompany.pruebaselenium.TestNgTestBase.initWebDriver(TestNgTestBase.java:44)
	at sun.reflect.NativeMethodAccessorImpl.invoke0(Native Method)
	at sun.reflect.NativeMethodAccessorImpl.invoke(NativeMethodAccessorImpl.java:57)
	at sun.reflect.DelegatingMethodAccessorImpl.invoke(DelegatingMethodAccessorImpl.java:43)
	at java.lang.reflect.Method.invoke(Method.java:606)
	at org.testng.internal.MethodInvocationHelper.invokeMethod(MethodInvocationHelper.java:85)
	at org.testng.internal.Invoker.invokeConfigurationMethod(Invoker.java:517)
	at org.testng.internal.Invoker.invokeConfigurations(Invoker.java:213)
	at org.testng.internal.Invoker.invokeMethod(Invoker.java:601)
	at org.testng.internal.Invoker.invokeTestMethod(Invoker.java:845)
	at org.testng.internal.Invoker.invokeTestMethods(Invoker.java:1153)
	at org.testng.internal.TestMethodWorker.invokeTestMethods(TestMethodWorker.java:125)
	at org.testng.internal.TestMethodWorker.run(TestMethodWorker.java:108)
	at org.testng.TestRunner.privateRun(TestRunner.java:771)
	at org.testng.TestRunner.run(TestRunner.java:621)
	at org.testng.SuiteRunner.runTest(SuiteRunner.java:357)
	at org.testng.SuiteRunner.runSequentially(SuiteRunner.java:352)
	at org.testng.SuiteRunner.privateRun(SuiteRunner.java:310)
	at org.testng.SuiteRunner.run(SuiteRunner.java:259)
	at org.testng.SuiteRunnerWorker.runSuite(SuiteRunnerWorker.java:52)
	at org.testng.SuiteRunnerWorker.run(SuiteRunnerWorker.java:86)
	at org.testng.TestNG.runSuitesSequentially(TestNG.java:1199)
	at org.testng.TestNG.runSuitesLocally(TestNG.java:1124)
	at org.testng.TestNG.run(TestNG.java:1032)
	at org.apache.maven.surefire.testng.TestNGExecutor.run(TestNGExecutor.java:295)
	at org.apache.maven.surefire.testng.TestNGXmlTestSuite.execute(TestNGXmlTestSuite.java:84)
	at org.apache.maven.surefire.testng.TestNGProvider.invoke(TestNGProvider.java:90)
	at org.apache.maven.surefire.booter.ForkedBooter.invokeProviderInSameClassLoader(ForkedBooter.java:203)
	at org.apache.maven.surefire.booter.ForkedBooter.runSuitesInProcess(ForkedBooter.java:155)
	at org.apache.maven.surefire.booter.ForkedBooter.main(ForkedBooter.java:103)
Caused by: org.openqa.selenium.WebDriverException: java.lang.InterruptedException: Process timed out after waiting for 45000 ms.
Build info: version: &apos;2.45.0&apos;, revision: &apos;5017cb8e7ca8e37638dc3091b2440b90a1d8686f&apos;, time: &apos;2015-02-27 09:10:26&apos;
System info: host: &apos;ubitica-12&apos;, ip: &apos;127.0.1.1&apos;, os.name: &apos;Linux&apos;, os.arch: &apos;amd64&apos;, os.version: &apos;3.13.0-57-generic&apos;, java.version: &apos;1.7.0_79&apos;
Driver info: driver.version: FirefoxDriver
	at org.openqa.selenium.os.CommandLine.waitFor(CommandLine.java:131)
	at org.openqa.selenium.firefox.FirefoxBinary.waitFor(FirefoxBinary.java:222)
	at org.openqa.selenium.firefox.FirefoxBinary.clean(FirefoxBinary.java:242)
	at org.openqa.selenium.firefox.internal.NewProfileExtensionConnection.start(NewProfileExtensionConnection.java:91)
	... 40 more
Caused by: java.lang.InterruptedException: Process timed out after waiting for 45000 ms.
	at org.openqa.selenium.os.UnixProcess.waitFor(UnixProcess.java:148)
	at org.openqa.selenium.os.CommandLine.waitFor(CommandLine.java:129)
	... 43 more
</pre></div></td>
<td>0</td>
<td>com.mycompany.pruebaselenium.SampleTestNgTest@29d896d6</td></tr>
</table><p>
<table width='100%' border='1' class='invocation-skipped'>
<tr><td colspan='4' align='center'><b>SKIPPED CONFIGURATIONS</b></td></tr>
<tr><td><b>Test method</b></td>
<td width="30%"><b>Exception</b></td>
<td width="10%"><b>Time (seconds)</b></td>
<td><b>Instance</b></td>
</tr>
<tr>
<td title='com.mycompany.pruebaselenium.SampleTestNgTest.initPageObjects()'><b>initPageObjects</b><br>Test class: com.mycompany.pruebaselenium.SampleTestNgTest</td>
<td></td>
<td>0</td>
<td>com.mycompany.pruebaselenium.SampleTestNgTest@29d896d6</td></tr>
</table><p>
<table width='100%' border='1' class='invocation-skipped'>
<tr><td colspan='4' align='center'><b>SKIPPED TESTS</b></td></tr>
<tr><td><b>Test method</b></td>
<td width="30%"><b>Exception</b></td>
<td width="10%"><b>Time (seconds)</b></td>
<td><b>Instance</b></td>
</tr>
<tr>
<td title='com.mycompany.pruebaselenium.SampleTestNgTest.testHomePageHasAHeader()'><b>testHomePageHasAHeader</b><br>Test class: com.mycompany.pruebaselenium.SampleTestNgTest</td>
<td></td>
<td>0</td>
<td>com.mycompany.pruebaselenium.SampleTestNgTest@29d896d6</td></tr>
</table><p>
</body>
</html>