<?xml version="1.0" encoding="UTF-8"?>
<testng-results skipped="0" failed="0" total="1" passed="1">
  <reporter-output>
  </reporter-output>
  <suite name="Tests" duration-ms="74712" started-at="2015-08-26T19:40:14Z" finished-at="2015-08-26T19:41:29Z">
    <groups>
    </groups>
    <test name="Test1" duration-ms="74712" started-at="2015-08-26T19:40:14Z" finished-at="2015-08-26T19:41:29Z">
      <class name="com.mycompany.pruebaselenium.SampleTestNgTest">
        <test-method status="PASS" signature="initTestSuite()[pri:0, instance:com.mycompany.pruebaselenium.SampleTestNgTest@124022f3]" name="initTestSuite" is-config="true" duration-ms="123" started-at="2015-08-26T15:10:14Z" finished-at="2015-08-26T15:10:14Z">
          <reporter-output>
          </reporter-output>
        </test-method> <!-- initTestSuite -->
        <test-method status="PASS" signature="initWebDriver()[pri:0, instance:com.mycompany.pruebaselenium.SampleTestNgTest@124022f3]" name="initWebDriver" is-config="true" duration-ms="70279" started-at="2015-08-26T15:10:14Z" finished-at="2015-08-26T15:11:24Z">
          <reporter-output>
          </reporter-output>
        </test-method> <!-- initWebDriver -->
        <test-method status="PASS" signature="initPageObjects()[pri:0, instance:com.mycompany.pruebaselenium.SampleTestNgTest@124022f3]" name="initPageObjects" is-config="true" duration-ms="129" started-at="2015-08-26T15:11:24Z" finished-at="2015-08-26T15:11:24Z">
          <reporter-output>
          </reporter-output>
        </test-method> <!-- initPageObjects -->
        <test-method status="PASS" signature="testHomePageHasAHeader()[pri:0, instance:com.mycompany.pruebaselenium.SampleTestNgTest@124022f3]" name="testHomePageHasAHeader" duration-ms="4118" started-at="2015-08-26T15:11:24Z" finished-at="2015-08-26T15:11:29Z">
          <reporter-output>
          </reporter-output>
        </test-method> <!-- testHomePageHasAHeader -->
        <test-method status="PASS" signature="tearDown()[pri:0, instance:com.mycompany.pruebaselenium.SampleTestNgTest@124022f3]" name="tearDown" is-config="true" duration-ms="1114" started-at="2015-08-26T15:11:30Z" finished-at="2015-08-26T15:11:31Z">
          <reporter-output>
          </reporter-output>
        </test-method> <!-- tearDown -->
      </class> <!-- com.mycompany.pruebaselenium.SampleTestNgTest -->
    </test> <!-- Test1 -->
  </suite> <!-- Tests -->
</testng-results>
